<?xml version="1.0" encoding="UTF-8"?>
<testng-results ignored="0" total="1" passed="1" failed="0" skipped="0">
  <reporter-output>
  </reporter-output>
  <suite started-at="2022-07-28T11:11:58 IST" name="Default suite" finished-at="2022-07-28T11:12:58 IST" duration-ms="59910">
    <groups>
    </groups>
    <test started-at="2022-07-28T11:11:58 IST" name="Default test" finished-at="2022-07-28T11:12:58 IST" duration-ms="59910">
      <class name="com.VTiger.TCs.TC_2_Create_Delete_OrganizationTest">
        <test-method is-config="true" signature="connectTODatabase()[pri:0, instance:com.VTiger.TCs.TC_2_Create_Delete_OrganizationTest@18df8434]" started-at="2022-07-28T11:11:58 IST" name="connectTODatabase" finished-at="2022-07-28T11:11:58 IST" duration-ms="7" status="PASS">
          <reporter-output>
          </reporter-output>
        </test-method> <!-- connectTODatabase -->
        <test-method is-config="true" signature="launchBrowser()[pri:0, instance:com.VTiger.TCs.TC_2_Create_Delete_OrganizationTest@18df8434]" started-at="2022-07-28T11:11:58 IST" name="launchBrowser" finished-at="2022-07-28T11:12:04 IST" duration-ms="5894" status="PASS">
          <reporter-output>
          </reporter-output>
        </test-method> <!-- launchBrowser -->
        <test-method is-config="true" signature="logintoApp()[pri:0, instance:com.VTiger.TCs.TC_2_Create_Delete_OrganizationTest@18df8434]" started-at="2022-07-28T11:12:04 IST" name="logintoApp" finished-at="2022-07-28T11:12:08 IST" duration-ms="4331" status="PASS">
          <reporter-output>
          </reporter-output>
        </test-method> <!-- logintoApp -->
        <test-method signature="deleteOrg()[pri:0, instance:com.VTiger.TCs.TC_2_Create_Delete_OrganizationTest@18df8434]" started-at="2022-07-28T11:12:08 IST" name="deleteOrg" finished-at="2022-07-28T11:12:51 IST" duration-ms="43016" status="PASS">
          <reporter-output>
          </reporter-output>
        </test-method> <!-- deleteOrg -->
        <test-method is-config="true" signature="logoutfromApp()[pri:0, instance:com.VTiger.TCs.TC_2_Create_Delete_OrganizationTest@18df8434]" started-at="2022-07-28T11:12:51 IST" name="logoutfromApp" finished-at="2022-07-28T11:12:58 IST" duration-ms="6271" status="PASS">
          <reporter-output>
          </reporter-output>
        </test-method> <!-- logoutfromApp -->
        <test-method is-config="true" signature="closeBrowser()[pri:0, instance:com.VTiger.TCs.TC_2_Create_Delete_OrganizationTest@18df8434]" started-at="2022-07-28T11:12:58 IST" name="closeBrowser" finished-at="2022-07-28T11:12:58 IST" duration-ms="51" status="PASS">
          <reporter-output>
          </reporter-output>
        </test-method> <!-- closeBrowser -->
        <test-method is-config="true" signature="closeDataBase()[pri:0, instance:com.VTiger.TCs.TC_2_Create_Delete_OrganizationTest@18df8434]" started-at="2022-07-28T11:12:58 IST" name="closeDataBase" finished-at="2022-07-28T11:12:58 IST" duration-ms="0" status="PASS">
          <reporter-output>
          </reporter-output>
        </test-method> <!-- closeDataBase -->
      </class> <!-- com.VTiger.TCs.TC_2_Create_Delete_OrganizationTest -->
    </test> <!-- Default test -->
  </suite> <!-- Default suite -->
</testng-results>
