<?xml version="1.0" encoding="UTF-8"?>
<testng-results ignored="0" total="1" passed="1" failed="0" skipped="0">
  <reporter-output>
  </reporter-output>
  <suite started-at="2022-07-08T14:00:10 IST" name="Default suite" finished-at="2022-07-08T14:00:46 IST" duration-ms="35267">
    <groups>
    </groups>
    <test started-at="2022-07-08T14:00:10 IST" name="Default test" finished-at="2022-07-08T14:00:46 IST" duration-ms="35267">
      <class name="practice.Reports">
        <test-method signature="reportCreation()[pri:0, instance:practice.Reports@59662a0b]" started-at="2022-07-08T14:00:11 IST" name="reportCreation" finished-at="2022-07-08T14:00:46 IST" duration-ms="35165" status="PASS">
          <reporter-output>
          </reporter-output>
        </test-method> <!-- reportCreation -->
      </class> <!-- practice.Reports -->
    </test> <!-- Default test -->
  </suite> <!-- Default suite -->
</testng-results>
